[2024-09-13T13:28:35.053953+00:00] ipt10.WARNING: Gunter [] []
[2024-09-13T13:28:35.055375+00:00] ipt10.ERROR: gunther@auf.edu.ph [] []
[2024-09-13T13:28:35.055434+00:00] ipt10.INFO: profile {"student_number":"22-2024-910","college":"CCS","program":"BSIT","university":"Angeles University Foundation"} []
[2024-09-13T13:28:35.055557+00:00] ipt10.INFO: data {"data":[100,345,4563,65,234,6734,-99]} []
[2024-09-13T13:28:35.055618+00:00] ipt10.INFO: object {"object":"Instance of TestClass"} []
[2024-09-13T13:30:11.432883+00:00] ipt10.WARNING: Gunter [] []
[2024-09-13T13:30:11.433865+00:00] ipt10.ERROR: gunther@auf.edu.ph [] []
[2024-09-13T13:30:11.433912+00:00] ipt10.INFO: profile {"student_number":"22-2024-910","college":"CCS","program":"BSIT","university":"Angeles University Foundation"} []
[2024-09-13T13:30:11.434005+00:00] ipt10.INFO: data {"data":[100,345,4563,65,234,6734,-99]} []
[2024-09-13T13:30:11.434084+00:00] ipt10.INFO: object {"object":"Instance of TestClass"} []
[2024-09-14T06:04:08.377081+00:00] ipt10.WARNING: Gunter [] []
[2024-09-14T06:04:08.379289+00:00] ipt10.ERROR: gunther@auf.edu.ph [] []
[2024-09-14T06:04:08.379350+00:00] ipt10.INFO: profile {"student_number":"22-2024-910","college":"CCS","program":"BSIT","university":"Angeles University Foundation"} []
[2024-09-14T06:04:08.379507+00:00] ipt10.INFO: data {"data":[100,345,4563,65,234,6734,-99]} []
[2024-09-14T06:04:08.379600+00:00] ipt10.INFO: object {"object":"Instance of TestClass"} []
[2024-09-14T06:04:09.373779+00:00] ipt10.WARNING: Gunter [] []
[2024-09-14T06:04:09.374827+00:00] ipt10.ERROR: gunther@auf.edu.ph [] []
[2024-09-14T06:04:09.374874+00:00] ipt10.INFO: profile {"student_number":"22-2024-910","college":"CCS","program":"BSIT","university":"Angeles University Foundation"} []
[2024-09-14T06:04:09.375006+00:00] ipt10.INFO: data {"data":[100,345,4563,65,234,6734,-99]} []
[2024-09-14T06:04:09.375060+00:00] ipt10.INFO: object {"object":"Instance of TestClass"} []
[2024-09-14T06:04:09.624307+00:00] ipt10.WARNING: Gunter [] []
[2024-09-14T06:04:09.625190+00:00] ipt10.ERROR: gunther@auf.edu.ph [] []
[2024-09-14T06:04:09.625236+00:00] ipt10.INFO: profile {"student_number":"22-2024-910","college":"CCS","program":"BSIT","university":"Angeles University Foundation"} []
[2024-09-14T06:04:09.625370+00:00] ipt10.INFO: data {"data":[100,345,4563,65,234,6734,-99]} []
[2024-09-14T06:04:09.625418+00:00] ipt10.INFO: object {"object":"Instance of TestClass"} []
[2024-09-14T06:04:09.819546+00:00] ipt10.WARNING: Gunter [] []
[2024-09-14T06:04:09.820821+00:00] ipt10.ERROR: gunther@auf.edu.ph [] []
[2024-09-14T06:04:09.820871+00:00] ipt10.INFO: profile {"student_number":"22-2024-910","college":"CCS","program":"BSIT","university":"Angeles University Foundation"} []
[2024-09-14T06:04:09.821009+00:00] ipt10.INFO: data {"data":[100,345,4563,65,234,6734,-99]} []
[2024-09-14T06:04:09.821070+00:00] ipt10.INFO: object {"object":"Instance of TestClass"} []
[2024-09-14T06:04:42.985022+00:00] ipt10.WARNING: Gunter [] []
[2024-09-14T06:04:42.986245+00:00] ipt10.ERROR: gunther@auf.edu.ph [] []
[2024-09-14T06:04:42.986299+00:00] ipt10.INFO: profile {"student_number":"22-2024-910","college":"CCS","program":"BSIT","university":"Angeles University Foundation"} []
[2024-09-14T06:04:42.986430+00:00] ipt10.INFO: data {"data":[100,345,4563,65,234,6734,-99]} []
[2024-09-14T06:04:42.986479+00:00] ipt10.INFO: object {"object":"Instance of TestClass"} []
[2024-09-14T06:05:42.990547+00:00] ipt10.WARNING: Gunter [] []
[2024-09-14T06:05:42.992277+00:00] ipt10.ERROR: gunther@auf.edu.ph [] []
[2024-09-14T06:05:42.992347+00:00] ipt10.INFO: profile {"student_number":"22-2024-910","college":"CCS","program":"BSIT","university":"Angeles University Foundation"} []
[2024-09-14T06:05:42.992622+00:00] ipt10.INFO: data {"data":[100,345,4563,65,234,6734,-99]} []
[2024-09-14T06:05:42.992711+00:00] ipt10.INFO: object {"object":"Instance of TestClass"} []
[2024-09-14T06:14:42.142256+00:00] ipt10.WARNING: Gunter [] []
[2024-09-14T06:14:42.143402+00:00] ipt10.ERROR: gunther@auf.edu.ph [] []
[2024-09-14T06:14:42.143455+00:00] ipt10.INFO: profile {"student_number":"22-2024-910","college":"CCS","program":"BSIT","university":"Angeles University Foundation"} []
[2024-09-14T06:14:42.143588+00:00] ipt10.INFO: data {"data":[100,345,4563,65,234,6734,-99]} []
[2024-09-14T06:14:42.143637+00:00] ipt10.INFO: object {"object":"Instance of TestClass"} []
[2024-09-14T12:56:59.496314+00:00] ipt10.WARNING: Gunter [] []
[2024-09-14T12:56:59.497772+00:00] ipt10.ERROR: gunther@auf.edu.ph [] []
[2024-09-14T12:56:59.497858+00:00] ipt10.INFO: profile {"student_number":"22-2024-910","college":"CCS","program":"BSIT","university":"Angeles University Foundation"} []
[2024-09-14T12:56:59.498070+00:00] ipt10.INFO: data {"data":[100,345,4563,65,234,6734,-99]} []
[2024-09-14T12:56:59.498151+00:00] ipt10.INFO: object {"object":"Instance of TestClass"} []
[2024-09-14T12:57:00.780712+00:00] ipt10.WARNING: Gunter [] []
[2024-09-14T12:57:00.781657+00:00] ipt10.ERROR: gunther@auf.edu.ph [] []
[2024-09-14T12:57:00.781704+00:00] ipt10.INFO: profile {"student_number":"22-2024-910","college":"CCS","program":"BSIT","university":"Angeles University Foundation"} []
[2024-09-14T12:57:00.781835+00:00] ipt10.INFO: data {"data":[100,345,4563,65,234,6734,-99]} []
[2024-09-14T12:57:00.781883+00:00] ipt10.INFO: object {"object":"Instance of TestClass"} []
[2024-09-14T12:57:01.013847+00:00] ipt10.WARNING: Gunter [] []
[2024-09-14T12:57:01.014753+00:00] ipt10.ERROR: gunther@auf.edu.ph [] []
[2024-09-14T12:57:01.014802+00:00] ipt10.INFO: profile {"student_number":"22-2024-910","college":"CCS","program":"BSIT","university":"Angeles University Foundation"} []
[2024-09-14T12:57:01.014940+00:00] ipt10.INFO: data {"data":[100,345,4563,65,234,6734,-99]} []
[2024-09-14T12:57:01.014992+00:00] ipt10.INFO: object {"object":"Instance of TestClass"} []
